<?xml version="1.0" encoding="UTF-8"?>
<!-- Generated by org.testng.reporters.JUnitReportReporter -->
<testsuite hostname="Swatis-MacBook-Pro.local" name="Pap_pal_using_webdriver_selenium.TestNgTest" tests="1" failures="0" timestamp="15 Dec 2013 23:21:26 GMT" time="0.012" errors="0">
  <testcase name="print" time="0.012" classname="Pap_pal_using_webdriver_selenium.TestNgTest"/>
</testsuite> <!-- Pap_pal_using_webdriver_selenium.TestNgTest -->
